#-----------------------------------------------------------
# Vivado v2018.2 (64-bit)
# SW Build 2258646 on Thu Jun 14 20:03:12 MDT 2018
# IP Build 2256618 on Thu Jun 14 22:10:49 MDT 2018
# Start of session at: Wed Mar 13 23:30:43 2024
# Process ID: 8160
# Current directory: D:/GitHub/152a-shell-game/project_5
# Command line: vivado.exe -gui_launcher_event rodinguilauncherevent4572 D:\GitHub\152a-shell-game\project_5\project_5.xpr
# Log file: D:/GitHub/152a-shell-game/project_5/vivado.log
# Journal file: D:/GitHub/152a-shell-game/project_5\vivado.jou
#-----------------------------------------------------------
start_gui
open_project D:/GitHub/152a-shell-game/project_5/project_5.xpr
INFO: [Project 1-313] Project file moved from 'C:/Users/Kai/Downloads/project_5/project_5' since last save.
Scanning sources...
Finished scanning sources
INFO: [IP_Flow 19-234] Refreshing IP repositories
INFO: [IP_Flow 19-1704] No user IP repositories specified
INFO: [IP_Flow 19-2313] Loaded Vivado IP repository 'D:/Downloads/Vivado/2018.2/data/ip'.
open_project: Time (s): cpu = 00:00:07 ; elapsed = 00:00:06 . Memory (MB): peak = 944.387 ; gain = 162.863
update_compile_order -fileset sources_1
