Copyright 1986-2018 Xilinx, Inc. All Rights Reserved.
------------------------------------------------------------------------------------
| Tool Version : Vivado v.2018.2 (win64) Build 2258646 Thu Jun 14 20:03:12 MDT 2018
| Date         : Wed Mar 13 23:18:41 2024
| Host         : DESKTOP-SPVCB8L running 64-bit major release  (build 9200)
| Command      : report_control_sets -verbose -file Top_control_sets_placed.rpt
| Design       : Top
| Device       : xc7a35t
------------------------------------------------------------------------------------

Control Set Information

Table of Contents
-----------------
1. Summary
2. Histogram
3. Flip-Flop Distribution
4. Detailed Control Set Information

1. Summary
----------

+----------------------------------------------------------+-------+
|                          Status                          | Count |
+----------------------------------------------------------+-------+
| Number of unique control sets                            |     6 |
| Unused register locations in slices containing registers |    26 |
+----------------------------------------------------------+-------+


2. Histogram
------------

+--------+--------------+
| Fanout | Control Sets |
+--------+--------------+
|      2 |            2 |
|    16+ |            4 |
+--------+--------------+


3. Flip-Flop Distribution
-------------------------

+--------------+-----------------------+------------------------+-----------------+--------------+
| Clock Enable | Synchronous Set/Reset | Asynchronous Set/Reset | Total Registers | Total Slices |
+--------------+-----------------------+------------------------+-----------------+--------------+
| No           | No                    | No                     |             126 |           23 |
| No           | No                    | Yes                    |               0 |            0 |
| No           | Yes                   | No                     |              22 |            4 |
| Yes          | No                    | No                     |              82 |           11 |
| Yes          | No                    | Yes                    |               0 |            0 |
| Yes          | Yes                   | No                     |               0 |            0 |
+--------------+-----------------------+------------------------+-----------------+--------------+


4. Detailed Control Set Information
-----------------------------------

+----------------+--------------------------------------+-----------------------------+------------------+----------------+
|  Clock Signal  |             Enable Signal            |       Set/Reset Signal      | Slice Load Count | Bel Load Count |
+----------------+--------------------------------------+-----------------------------+------------------+----------------+
|  clk_IBUF_BUFG |                                      | cupDisplayer/index_reg[0]_0 |                1 |              2 |
|  p_1_in        |                                      |                             |                1 |              2 |
|  p_1_in        |                                      | state                       |                3 |             20 |
|  clk_IBUF_BUFG | nolabel_line111/nextState[7]_i_1_n_0 |                             |                4 |             32 |
|  clk_IBUF_BUFG | nolabel_line111/inAnimation_reg_n_0  |                             |                7 |             50 |
|  clk_IBUF_BUFG |                                      |                             |               22 |            124 |
+----------------+--------------------------------------+-----------------------------+------------------+----------------+


