
*** Running vivado
    with args -log Top.vds -m64 -product Vivado -mode batch -messageDb vivado.pb -notrace -source Top.tcl


****** Vivado v2018.2 (64-bit)
  **** SW Build 2258646 on Thu Jun 14 20:03:12 MDT 2018
  **** IP Build 2256618 on Thu Jun 14 22:10:49 MDT 2018
    ** Copyright 1986-2018 Xilinx, Inc. All Rights Reserved.

source Top.tcl -notrace
Command: synth_design -top Top -part xc7a35tcpg236-1
Starting synth_design
Attempting to get a license for feature 'Synthesis' and/or device 'xc7a35t'
INFO: [Common 17-349] Got license for feature 'Synthesis' and/or device 'xc7a35t'
INFO: Launching helper process for spawning children vivado processes
INFO: Helper process launched with PID 20932 
WARNING: [Synth 8-992] trigger is already implicitly declared earlier [C:/Users/drkiw/Documents/GitHub/152a-shell-game/project_5/project_5.srcs/sources_1/new/Top.v:118]
---------------------------------------------------------------------------------
Starting RTL Elaboration : Time (s): cpu = 00:00:01 ; elapsed = 00:00:02 . Memory (MB): peak = 421.281 ; gain = 109.262
---------------------------------------------------------------------------------
INFO: [Synth 8-6157] synthesizing module 'Top' [C:/Users/drkiw/Documents/GitHub/152a-shell-game/project_5/project_5.srcs/sources_1/new/Top.v:23]
INFO: [Synth 8-6157] synthesizing module 'CupDisplayer' [C:/Users/drkiw/Documents/GitHub/152a-shell-game/project_5/project_5.srcs/sources_1/new/CupDisplayer.v:23]
WARNING: [Synth 8-6014] Unused sequential element indexed_reg was removed.  [C:/Users/drkiw/Documents/GitHub/152a-shell-game/project_5/project_5.srcs/sources_1/new/CupDisplayer.v:37]
INFO: [Synth 8-6155] done synthesizing module 'CupDisplayer' (1#1) [C:/Users/drkiw/Documents/GitHub/152a-shell-game/project_5/project_5.srcs/sources_1/new/CupDisplayer.v:23]
INFO: [Synth 8-6157] synthesizing module 'DisplayController' [C:/Users/drkiw/Documents/GitHub/152a-shell-game/project_5/project_5.srcs/sources_1/new/DisplayController.v:23]
INFO: [Synth 8-6155] done synthesizing module 'DisplayController' (2#1) [C:/Users/drkiw/Documents/GitHub/152a-shell-game/project_5/project_5.srcs/sources_1/new/DisplayController.v:23]
INFO: [Synth 8-6157] synthesizing module 'PModDisplay' [C:/Users/drkiw/Documents/GitHub/152a-shell-game/project_5/project_5.srcs/sources_1/new/PModDisplay.v:23]
WARNING: [Synth 8-6014] Unused sequential element indexed_reg was removed.  [C:/Users/drkiw/Documents/GitHub/152a-shell-game/project_5/project_5.srcs/sources_1/new/PModDisplay.v:36]
INFO: [Synth 8-6155] done synthesizing module 'PModDisplay' (3#1) [C:/Users/drkiw/Documents/GitHub/152a-shell-game/project_5/project_5.srcs/sources_1/new/PModDisplay.v:23]
WARNING: [Synth 8-689] width (1) of port connection 'index' does not match port width (2) of module 'PModDisplay' [C:/Users/drkiw/Documents/GitHub/152a-shell-game/project_5/project_5.srcs/sources_1/new/Top.v:90]
INFO: [Synth 8-6157] synthesizing module 'Debouncer' [C:/Users/drkiw/Documents/GitHub/152a-shell-game/project_5/project_5.srcs/sources_1/new/Debouncer.v:23]
INFO: [Synth 8-6155] done synthesizing module 'Debouncer' (4#1) [C:/Users/drkiw/Documents/GitHub/152a-shell-game/project_5/project_5.srcs/sources_1/new/Debouncer.v:23]
INFO: [Synth 8-6157] synthesizing module 'AnimationExample' [C:/Users/drkiw/Documents/GitHub/152a-shell-game/project_5/project_5.srcs/sources_1/new/AnimationExample.v:23]
INFO: [Synth 8-6155] done synthesizing module 'AnimationExample' (5#1) [C:/Users/drkiw/Documents/GitHub/152a-shell-game/project_5/project_5.srcs/sources_1/new/AnimationExample.v:23]
WARNING: [Synth 8-350] instance 'nolabel_line111' of module 'AnimationExample' requires 7 connections, but only 6 given [C:/Users/drkiw/Documents/GitHub/152a-shell-game/project_5/project_5.srcs/sources_1/new/Top.v:111]
WARNING: [Synth 8-6014] Unused sequential element bet_reg was removed.  [C:/Users/drkiw/Documents/GitHub/152a-shell-game/project_5/project_5.srcs/sources_1/new/Top.v:127]
WARNING: [Synth 8-3848] Net segment_bet in module/entity Top does not have driver. [C:/Users/drkiw/Documents/GitHub/152a-shell-game/project_5/project_5.srcs/sources_1/new/Top.v:55]
WARNING: [Synth 8-3848] Net index_bet in module/entity Top does not have driver. [C:/Users/drkiw/Documents/GitHub/152a-shell-game/project_5/project_5.srcs/sources_1/new/Top.v:56]
WARNING: [Synth 8-3848] Net segment_difficulty in module/entity Top does not have driver. [C:/Users/drkiw/Documents/GitHub/152a-shell-game/project_5/project_5.srcs/sources_1/new/Top.v:53]
WARNING: [Synth 8-3848] Net index_difficulty in module/entity Top does not have driver. [C:/Users/drkiw/Documents/GitHub/152a-shell-game/project_5/project_5.srcs/sources_1/new/Top.v:54]
WARNING: [Synth 8-3848] Net segment_coinPlace in module/entity Top does not have driver. [C:/Users/drkiw/Documents/GitHub/152a-shell-game/project_5/project_5.srcs/sources_1/new/Top.v:57]
WARNING: [Synth 8-3848] Net index_coinPlace in module/entity Top does not have driver. [C:/Users/drkiw/Documents/GitHub/152a-shell-game/project_5/project_5.srcs/sources_1/new/Top.v:58]
WARNING: [Synth 8-3848] Net segment_reveal in module/entity Top does not have driver. [C:/Users/drkiw/Documents/GitHub/152a-shell-game/project_5/project_5.srcs/sources_1/new/Top.v:59]
WARNING: [Synth 8-3848] Net index_reveal in module/entity Top does not have driver. [C:/Users/drkiw/Documents/GitHub/152a-shell-game/project_5/project_5.srcs/sources_1/new/Top.v:60]
WARNING: [Synth 8-3848] Net balance in module/entity Top does not have driver. [C:/Users/drkiw/Documents/GitHub/152a-shell-game/project_5/project_5.srcs/sources_1/new/Top.v:86]
INFO: [Synth 8-6155] done synthesizing module 'Top' (6#1) [C:/Users/drkiw/Documents/GitHub/152a-shell-game/project_5/project_5.srcs/sources_1/new/Top.v:23]
WARNING: [Synth 8-3331] design Top has unconnected port pmod[7]
WARNING: [Synth 8-3331] design Top has unconnected port pmod[2]
WARNING: [Synth 8-3331] design Top has unconnected port pmod[1]
WARNING: [Synth 8-3331] design Top has unconnected port pmod[0]
WARNING: [Synth 8-3331] design Top has unconnected port pmodC[7]
WARNING: [Synth 8-3331] design Top has unconnected port pmodC[2]
WARNING: [Synth 8-3331] design Top has unconnected port pmodC[1]
WARNING: [Synth 8-3331] design Top has unconnected port pmodC[0]
---------------------------------------------------------------------------------
Finished RTL Elaboration : Time (s): cpu = 00:00:01 ; elapsed = 00:00:02 . Memory (MB): peak = 455.574 ; gain = 143.555
---------------------------------------------------------------------------------

Report Check Netlist: 
+------+------------------+-------+---------+-------+------------------+
|      |Item              |Errors |Warnings |Status |Description       |
+------+------------------+-------+---------+-------+------------------+
|1     |multi_driven_nets |      0|        0|Passed |Multi driven nets |
+------+------------------+-------+---------+-------+------------------+
WARNING: [Synth 8-3295] tying undriven pin displayController:segment_bet[6] to constant 0 [C:/Users/drkiw/Documents/GitHub/152a-shell-game/project_5/project_5.srcs/sources_1/new/Top.v:67]
WARNING: [Synth 8-3295] tying undriven pin displayController:segment_bet[5] to constant 0 [C:/Users/drkiw/Documents/GitHub/152a-shell-game/project_5/project_5.srcs/sources_1/new/Top.v:67]
WARNING: [Synth 8-3295] tying undriven pin displayController:segment_bet[4] to constant 0 [C:/Users/drkiw/Documents/GitHub/152a-shell-game/project_5/project_5.srcs/sources_1/new/Top.v:67]
WARNING: [Synth 8-3295] tying undriven pin displayController:segment_bet[3] to constant 0 [C:/Users/drkiw/Documents/GitHub/152a-shell-game/project_5/project_5.srcs/sources_1/new/Top.v:67]
WARNING: [Synth 8-3295] tying undriven pin displayController:segment_bet[2] to constant 0 [C:/Users/drkiw/Documents/GitHub/152a-shell-game/project_5/project_5.srcs/sources_1/new/Top.v:67]
WARNING: [Synth 8-3295] tying undriven pin displayController:segment_bet[1] to constant 0 [C:/Users/drkiw/Documents/GitHub/152a-shell-game/project_5/project_5.srcs/sources_1/new/Top.v:67]
WARNING: [Synth 8-3295] tying undriven pin displayController:segment_bet[0] to constant 0 [C:/Users/drkiw/Documents/GitHub/152a-shell-game/project_5/project_5.srcs/sources_1/new/Top.v:67]
WARNING: [Synth 8-3295] tying undriven pin displayController:index_bet[3] to constant 0 [C:/Users/drkiw/Documents/GitHub/152a-shell-game/project_5/project_5.srcs/sources_1/new/Top.v:67]
WARNING: [Synth 8-3295] tying undriven pin displayController:index_bet[2] to constant 0 [C:/Users/drkiw/Documents/GitHub/152a-shell-game/project_5/project_5.srcs/sources_1/new/Top.v:67]
WARNING: [Synth 8-3295] tying undriven pin displayController:index_bet[1] to constant 0 [C:/Users/drkiw/Documents/GitHub/152a-shell-game/project_5/project_5.srcs/sources_1/new/Top.v:67]
WARNING: [Synth 8-3295] tying undriven pin displayController:index_bet[0] to constant 0 [C:/Users/drkiw/Documents/GitHub/152a-shell-game/project_5/project_5.srcs/sources_1/new/Top.v:67]
WARNING: [Synth 8-3295] tying undriven pin displayController:segment_difficulty[6] to constant 0 [C:/Users/drkiw/Documents/GitHub/152a-shell-game/project_5/project_5.srcs/sources_1/new/Top.v:67]
WARNING: [Synth 8-3295] tying undriven pin displayController:segment_difficulty[5] to constant 0 [C:/Users/drkiw/Documents/GitHub/152a-shell-game/project_5/project_5.srcs/sources_1/new/Top.v:67]
WARNING: [Synth 8-3295] tying undriven pin displayController:segment_difficulty[4] to constant 0 [C:/Users/drkiw/Documents/GitHub/152a-shell-game/project_5/project_5.srcs/sources_1/new/Top.v:67]
WARNING: [Synth 8-3295] tying undriven pin displayController:segment_difficulty[3] to constant 0 [C:/Users/drkiw/Documents/GitHub/152a-shell-game/project_5/project_5.srcs/sources_1/new/Top.v:67]
WARNING: [Synth 8-3295] tying undriven pin displayController:segment_difficulty[2] to constant 0 [C:/Users/drkiw/Documents/GitHub/152a-shell-game/project_5/project_5.srcs/sources_1/new/Top.v:67]
WARNING: [Synth 8-3295] tying undriven pin displayController:segment_difficulty[1] to constant 0 [C:/Users/drkiw/Documents/GitHub/152a-shell-game/project_5/project_5.srcs/sources_1/new/Top.v:67]
WARNING: [Synth 8-3295] tying undriven pin displayController:segment_difficulty[0] to constant 0 [C:/Users/drkiw/Documents/GitHub/152a-shell-game/project_5/project_5.srcs/sources_1/new/Top.v:67]
WARNING: [Synth 8-3295] tying undriven pin displayController:index_difficulty[3] to constant 0 [C:/Users/drkiw/Documents/GitHub/152a-shell-game/project_5/project_5.srcs/sources_1/new/Top.v:67]
WARNING: [Synth 8-3295] tying undriven pin displayController:index_difficulty[2] to constant 0 [C:/Users/drkiw/Documents/GitHub/152a-shell-game/project_5/project_5.srcs/sources_1/new/Top.v:67]
WARNING: [Synth 8-3295] tying undriven pin displayController:index_difficulty[1] to constant 0 [C:/Users/drkiw/Documents/GitHub/152a-shell-game/project_5/project_5.srcs/sources_1/new/Top.v:67]
WARNING: [Synth 8-3295] tying undriven pin displayController:index_difficulty[0] to constant 0 [C:/Users/drkiw/Documents/GitHub/152a-shell-game/project_5/project_5.srcs/sources_1/new/Top.v:67]
WARNING: [Synth 8-3295] tying undriven pin displayController:segment_coinPlace[6] to constant 0 [C:/Users/drkiw/Documents/GitHub/152a-shell-game/project_5/project_5.srcs/sources_1/new/Top.v:67]
WARNING: [Synth 8-3295] tying undriven pin displayController:segment_coinPlace[5] to constant 0 [C:/Users/drkiw/Documents/GitHub/152a-shell-game/project_5/project_5.srcs/sources_1/new/Top.v:67]
WARNING: [Synth 8-3295] tying undriven pin displayController:segment_coinPlace[4] to constant 0 [C:/Users/drkiw/Documents/GitHub/152a-shell-game/project_5/project_5.srcs/sources_1/new/Top.v:67]
WARNING: [Synth 8-3295] tying undriven pin displayController:segment_coinPlace[3] to constant 0 [C:/Users/drkiw/Documents/GitHub/152a-shell-game/project_5/project_5.srcs/sources_1/new/Top.v:67]
WARNING: [Synth 8-3295] tying undriven pin displayController:segment_coinPlace[2] to constant 0 [C:/Users/drkiw/Documents/GitHub/152a-shell-game/project_5/project_5.srcs/sources_1/new/Top.v:67]
WARNING: [Synth 8-3295] tying undriven pin displayController:segment_coinPlace[1] to constant 0 [C:/Users/drkiw/Documents/GitHub/152a-shell-game/project_5/project_5.srcs/sources_1/new/Top.v:67]
WARNING: [Synth 8-3295] tying undriven pin displayController:segment_coinPlace[0] to constant 0 [C:/Users/drkiw/Documents/GitHub/152a-shell-game/project_5/project_5.srcs/sources_1/new/Top.v:67]
WARNING: [Synth 8-3295] tying undriven pin displayController:index_coinPlace[3] to constant 0 [C:/Users/drkiw/Documents/GitHub/152a-shell-game/project_5/project_5.srcs/sources_1/new/Top.v:67]
WARNING: [Synth 8-3295] tying undriven pin displayController:index_coinPlace[2] to constant 0 [C:/Users/drkiw/Documents/GitHub/152a-shell-game/project_5/project_5.srcs/sources_1/new/Top.v:67]
WARNING: [Synth 8-3295] tying undriven pin displayController:index_coinPlace[1] to constant 0 [C:/Users/drkiw/Documents/GitHub/152a-shell-game/project_5/project_5.srcs/sources_1/new/Top.v:67]
WARNING: [Synth 8-3295] tying undriven pin displayController:index_coinPlace[0] to constant 0 [C:/Users/drkiw/Documents/GitHub/152a-shell-game/project_5/project_5.srcs/sources_1/new/Top.v:67]
WARNING: [Synth 8-3295] tying undriven pin displayController:segment_reveal[6] to constant 0 [C:/Users/drkiw/Documents/GitHub/152a-shell-game/project_5/project_5.srcs/sources_1/new/Top.v:67]
WARNING: [Synth 8-3295] tying undriven pin displayController:segment_reveal[5] to constant 0 [C:/Users/drkiw/Documents/GitHub/152a-shell-game/project_5/project_5.srcs/sources_1/new/Top.v:67]
WARNING: [Synth 8-3295] tying undriven pin displayController:segment_reveal[4] to constant 0 [C:/Users/drkiw/Documents/GitHub/152a-shell-game/project_5/project_5.srcs/sources_1/new/Top.v:67]
WARNING: [Synth 8-3295] tying undriven pin displayController:segment_reveal[3] to constant 0 [C:/Users/drkiw/Documents/GitHub/152a-shell-game/project_5/project_5.srcs/sources_1/new/Top.v:67]
WARNING: [Synth 8-3295] tying undriven pin displayController:segment_reveal[2] to constant 0 [C:/Users/drkiw/Documents/GitHub/152a-shell-game/project_5/project_5.srcs/sources_1/new/Top.v:67]
WARNING: [Synth 8-3295] tying undriven pin displayController:segment_reveal[1] to constant 0 [C:/Users/drkiw/Documents/GitHub/152a-shell-game/project_5/project_5.srcs/sources_1/new/Top.v:67]
WARNING: [Synth 8-3295] tying undriven pin displayController:segment_reveal[0] to constant 0 [C:/Users/drkiw/Documents/GitHub/152a-shell-game/project_5/project_5.srcs/sources_1/new/Top.v:67]
WARNING: [Synth 8-3295] tying undriven pin displayController:index_reveal[3] to constant 0 [C:/Users/drkiw/Documents/GitHub/152a-shell-game/project_5/project_5.srcs/sources_1/new/Top.v:67]
WARNING: [Synth 8-3295] tying undriven pin displayController:index_reveal[2] to constant 0 [C:/Users/drkiw/Documents/GitHub/152a-shell-game/project_5/project_5.srcs/sources_1/new/Top.v:67]
WARNING: [Synth 8-3295] tying undriven pin displayController:index_reveal[1] to constant 0 [C:/Users/drkiw/Documents/GitHub/152a-shell-game/project_5/project_5.srcs/sources_1/new/Top.v:67]
WARNING: [Synth 8-3295] tying undriven pin displayController:index_reveal[0] to constant 0 [C:/Users/drkiw/Documents/GitHub/152a-shell-game/project_5/project_5.srcs/sources_1/new/Top.v:67]
WARNING: [Synth 8-3295] tying undriven pin pmodDisplay:balance[6] to constant 0 [C:/Users/drkiw/Documents/GitHub/152a-shell-game/project_5/project_5.srcs/sources_1/new/Top.v:90]
WARNING: [Synth 8-3295] tying undriven pin pmodDisplay:balance[5] to constant 0 [C:/Users/drkiw/Documents/GitHub/152a-shell-game/project_5/project_5.srcs/sources_1/new/Top.v:90]
WARNING: [Synth 8-3295] tying undriven pin pmodDisplay:balance[4] to constant 0 [C:/Users/drkiw/Documents/GitHub/152a-shell-game/project_5/project_5.srcs/sources_1/new/Top.v:90]
WARNING: [Synth 8-3295] tying undriven pin pmodDisplay:balance[3] to constant 0 [C:/Users/drkiw/Documents/GitHub/152a-shell-game/project_5/project_5.srcs/sources_1/new/Top.v:90]
WARNING: [Synth 8-3295] tying undriven pin pmodDisplay:balance[2] to constant 0 [C:/Users/drkiw/Documents/GitHub/152a-shell-game/project_5/project_5.srcs/sources_1/new/Top.v:90]
WARNING: [Synth 8-3295] tying undriven pin pmodDisplay:balance[1] to constant 0 [C:/Users/drkiw/Documents/GitHub/152a-shell-game/project_5/project_5.srcs/sources_1/new/Top.v:90]
WARNING: [Synth 8-3295] tying undriven pin pmodDisplay:balance[0] to constant 0 [C:/Users/drkiw/Documents/GitHub/152a-shell-game/project_5/project_5.srcs/sources_1/new/Top.v:90]
---------------------------------------------------------------------------------
Start Handling Custom Attributes
---------------------------------------------------------------------------------
---------------------------------------------------------------------------------
Finished Handling Custom Attributes : Time (s): cpu = 00:00:01 ; elapsed = 00:00:02 . Memory (MB): peak = 455.574 ; gain = 143.555
---------------------------------------------------------------------------------
---------------------------------------------------------------------------------
Finished RTL Optimization Phase 1 : Time (s): cpu = 00:00:01 ; elapsed = 00:00:02 . Memory (MB): peak = 455.574 ; gain = 143.555
---------------------------------------------------------------------------------
INFO: [Device 21-403] Loading part xc7a35tcpg236-1
INFO: [Project 1-570] Preparing netlist for logic optimization

Processing XDC Constraints
Initializing timing engine
Parsing XDC File [C:/Users/drkiw/Documents/GitHub/152a-shell-game/project_5/project_5.srcs/constrs_1/new/Basys3Masters.xdc]
CRITICAL WARNING: [Common 17-170] Unknown option '-waveforms', please type 'create_clock -help' for usage info. [C:/Users/drkiw/Documents/GitHub/152a-shell-game/project_5/project_5.srcs/constrs_1/new/Basys3Masters.xdc:8]
CRITICAL WARNING: [Designutils 20-1307] Command '//set_property' is not supported in the xdc constraint file. [C:/Users/drkiw/Documents/GitHub/152a-shell-game/project_5/project_5.srcs/constrs_1/new/Basys3Masters.xdc:16]
Finished Parsing XDC File [C:/Users/drkiw/Documents/GitHub/152a-shell-game/project_5/project_5.srcs/constrs_1/new/Basys3Masters.xdc]
INFO: [Project 1-236] Implementation specific constraints were found while reading constraint file [C:/Users/drkiw/Documents/GitHub/152a-shell-game/project_5/project_5.srcs/constrs_1/new/Basys3Masters.xdc]. These constraints will be ignored for synthesis but will be used in implementation. Impacted constraints are listed in the file [.Xil/Top_propImpl.xdc].
Resolution: To avoid this warning, move constraints listed in [.Xil/Top_propImpl.xdc] to another XDC file and exclude this new file from synthesis with the used_in_synthesis property (File Properties dialog in GUI) and re-run elaboration/synthesis.
Completed Processing XDC Constraints

INFO: [Project 1-111] Unisim Transformation Summary:
No Unisim elements were transformed.

Constraint Validation Runtime : Time (s): cpu = 00:00:00 ; elapsed = 00:00:00.001 . Memory (MB): peak = 793.250 ; gain = 0.000
---------------------------------------------------------------------------------
Finished Constraint Validation : Time (s): cpu = 00:00:06 ; elapsed = 00:00:09 . Memory (MB): peak = 793.250 ; gain = 481.230
---------------------------------------------------------------------------------
---------------------------------------------------------------------------------
Start Loading Part and Timing Information
---------------------------------------------------------------------------------
Loading part: xc7a35tcpg236-1
---------------------------------------------------------------------------------
Finished Loading Part and Timing Information : Time (s): cpu = 00:00:06 ; elapsed = 00:00:09 . Memory (MB): peak = 793.250 ; gain = 481.230
---------------------------------------------------------------------------------
---------------------------------------------------------------------------------
Start Applying 'set_property' XDC Constraints
---------------------------------------------------------------------------------
---------------------------------------------------------------------------------
Finished applying 'set_property' XDC Constraints : Time (s): cpu = 00:00:06 ; elapsed = 00:00:09 . Memory (MB): peak = 793.250 ; gain = 481.230
---------------------------------------------------------------------------------
INFO: [Synth 8-5544] ROM "gameState" won't be mapped to Block RAM because address size (3) smaller than threshold (5)
---------------------------------------------------------------------------------
Finished RTL Optimization Phase 2 : Time (s): cpu = 00:00:06 ; elapsed = 00:00:09 . Memory (MB): peak = 793.250 ; gain = 481.230
---------------------------------------------------------------------------------

Report RTL Partitions: 
+-+--------------+------------+----------+
| |RTL Partition |Replication |Instances |
+-+--------------+------------+----------+
+-+--------------+------------+----------+
---------------------------------------------------------------------------------
Start RTL Component Statistics 
---------------------------------------------------------------------------------
Detailed RTL Component Info : 
+---Adders : 
	   3 Input     32 Bit       Adders := 2     
	   2 Input     32 Bit       Adders := 3     
	   2 Input     25 Bit       Adders := 3     
	   3 Input     25 Bit       Adders := 1     
	   2 Input     16 Bit       Adders := 7     
	   2 Input     10 Bit       Adders := 2     
	   2 Input      6 Bit       Adders := 1     
	   2 Input      4 Bit       Adders := 4     
	   2 Input      3 Bit       Adders := 2     
+---Registers : 
	               10 Bit    Registers := 1     
	                8 Bit    Registers := 2     
	                7 Bit    Registers := 2     
	                6 Bit    Registers := 1     
	                4 Bit    Registers := 8     
	                3 Bit    Registers := 1     
	                2 Bit    Registers := 5     
	                1 Bit    Registers := 10    
+---Muxes : 
	   2 Input      8 Bit        Muxes := 7     
	   4 Input      7 Bit        Muxes := 1     
	   2 Input      6 Bit        Muxes := 2     
	   4 Input      4 Bit        Muxes := 1     
	   2 Input      4 Bit        Muxes := 1     
	   2 Input      2 Bit        Muxes := 4     
	   4 Input      2 Bit        Muxes := 2     
	   4 Input      1 Bit        Muxes := 1     
	   6 Input      1 Bit        Muxes := 1     
	   2 Input      1 Bit        Muxes := 3     
---------------------------------------------------------------------------------
Finished RTL Component Statistics 
---------------------------------------------------------------------------------
---------------------------------------------------------------------------------
Start RTL Hierarchical Component Statistics 
---------------------------------------------------------------------------------
Hierarchical RTL Component report 
Module Top 
Detailed RTL Component Info : 
+---Adders : 
	   2 Input     10 Bit       Adders := 2     
+---Registers : 
	               10 Bit    Registers := 1     
	                3 Bit    Registers := 1     
	                1 Bit    Registers := 1     
+---Muxes : 
	   2 Input      1 Bit        Muxes := 1     
Module CupDisplayer 
Detailed RTL Component Info : 
+---Adders : 
	   2 Input     25 Bit       Adders := 1     
+---Registers : 
	                7 Bit    Registers := 1     
	                4 Bit    Registers := 1     
	                2 Bit    Registers := 1     
+---Muxes : 
	   4 Input      7 Bit        Muxes := 1     
	   4 Input      4 Bit        Muxes := 1     
	   2 Input      2 Bit        Muxes := 2     
	   4 Input      2 Bit        Muxes := 2     
	   4 Input      1 Bit        Muxes := 1     
Module DisplayController 
Detailed RTL Component Info : 
+---Registers : 
	                7 Bit    Registers := 1     
	                4 Bit    Registers := 1     
+---Muxes : 
	   6 Input      1 Bit        Muxes := 1     
Module PModDisplay 
Detailed RTL Component Info : 
+---Adders : 
	   2 Input     25 Bit       Adders := 1     
+---Registers : 
	                4 Bit    Registers := 1     
	                2 Bit    Registers := 1     
+---Muxes : 
	   2 Input      4 Bit        Muxes := 1     
Module Debouncer 
Detailed RTL Component Info : 
+---Adders : 
	   2 Input     16 Bit       Adders := 1     
+---Registers : 
	                1 Bit    Registers := 1     
Module AnimationExample 
Detailed RTL Component Info : 
+---Adders : 
	   3 Input     32 Bit       Adders := 2     
	   2 Input     32 Bit       Adders := 3     
	   3 Input     25 Bit       Adders := 1     
	   2 Input     25 Bit       Adders := 1     
	   2 Input      6 Bit       Adders := 1     
	   2 Input      4 Bit       Adders := 4     
	   2 Input      3 Bit       Adders := 2     
+---Registers : 
	                8 Bit    Registers := 2     
	                6 Bit    Registers := 1     
	                4 Bit    Registers := 5     
	                2 Bit    Registers := 3     
	                1 Bit    Registers := 2     
+---Muxes : 
	   2 Input      8 Bit        Muxes := 7     
	   2 Input      6 Bit        Muxes := 2     
	   2 Input      2 Bit        Muxes := 2     
	   2 Input      1 Bit        Muxes := 2     
---------------------------------------------------------------------------------
Finished RTL Hierarchical Component Statistics
---------------------------------------------------------------------------------
---------------------------------------------------------------------------------
Start Part Resource Summary
---------------------------------------------------------------------------------
Part Resources:
DSPs: 90 (col length:60)
BRAMs: 100 (col length: RAMB18 60 RAMB36 30)
---------------------------------------------------------------------------------
Finished Part Resource Summary
---------------------------------------------------------------------------------
---------------------------------------------------------------------------------
Start Cross Boundary and Area Optimization
---------------------------------------------------------------------------------
Warning: Parallel synthesis criteria is not met 
INFO: [Synth 8-4471] merging register 'nolabel_line111/right_reg[1:0]' into 'nolabel_line111/right_reg[1:0]' [C:/Users/drkiw/Documents/GitHub/152a-shell-game/project_5/project_5.srcs/sources_1/new/AnimationExample.v:56]
INFO: [Synth 8-4471] merging register 'nolabel_line111/i2_reg[3:0]' into 'nolabel_line111/i2_reg[3:0]' [C:/Users/drkiw/Documents/GitHub/152a-shell-game/project_5/project_5.srcs/sources_1/new/AnimationExample.v:62]
INFO: [Synth 8-4471] merging register 'nolabel_line111/i1_reg[3:0]' into 'nolabel_line111/i1_reg[3:0]' [C:/Users/drkiw/Documents/GitHub/152a-shell-game/project_5/project_5.srcs/sources_1/new/AnimationExample.v:57]
INFO: [Synth 8-4471] merging register 'nolabel_line111/i2_reg[3:0]' into 'nolabel_line111/i2_reg[3:0]' [C:/Users/drkiw/Documents/GitHub/152a-shell-game/project_5/project_5.srcs/sources_1/new/AnimationExample.v:62]
WARNING: [Synth 8-6014] Unused sequential element btnUDebouncer/out_reg was removed.  [C:/Users/drkiw/Documents/GitHub/152a-shell-game/project_5/project_5.srcs/sources_1/new/Debouncer.v:34]
WARNING: [Synth 8-6014] Unused sequential element btnDDebouncer/out_reg was removed.  [C:/Users/drkiw/Documents/GitHub/152a-shell-game/project_5/project_5.srcs/sources_1/new/Debouncer.v:34]
WARNING: [Synth 8-6014] Unused sequential element sw0Debouncer/out_reg was removed.  [C:/Users/drkiw/Documents/GitHub/152a-shell-game/project_5/project_5.srcs/sources_1/new/Debouncer.v:34]
WARNING: [Synth 8-6014] Unused sequential element sw1Debouncer/out_reg was removed.  [C:/Users/drkiw/Documents/GitHub/152a-shell-game/project_5/project_5.srcs/sources_1/new/Debouncer.v:34]
WARNING: [Synth 8-6014] Unused sequential element sw2Debouncer/out_reg was removed.  [C:/Users/drkiw/Documents/GitHub/152a-shell-game/project_5/project_5.srcs/sources_1/new/Debouncer.v:34]
WARNING: [Synth 8-6014] Unused sequential element sw3Debouncer/out_reg was removed.  [C:/Users/drkiw/Documents/GitHub/152a-shell-game/project_5/project_5.srcs/sources_1/new/Debouncer.v:34]
WARNING: [Synth 8-6014] Unused sequential element nolabel_line111/right_reg was removed.  [C:/Users/drkiw/Documents/GitHub/152a-shell-game/project_5/project_5.srcs/sources_1/new/AnimationExample.v:56]
WARNING: [Synth 8-6014] Unused sequential element nolabel_line111/i1_reg was removed.  [C:/Users/drkiw/Documents/GitHub/152a-shell-game/project_5/project_5.srcs/sources_1/new/AnimationExample.v:57]
WARNING: [Synth 8-6014] Unused sequential element nolabel_line111/i2_reg was removed.  [C:/Users/drkiw/Documents/GitHub/152a-shell-game/project_5/project_5.srcs/sources_1/new/AnimationExample.v:62]
WARNING: [Synth 8-3331] design Top has unconnected port pmod[7]
WARNING: [Synth 8-3331] design Top has unconnected port pmod[2]
WARNING: [Synth 8-3331] design Top has unconnected port pmod[1]
WARNING: [Synth 8-3331] design Top has unconnected port pmod[0]
WARNING: [Synth 8-3331] design Top has unconnected port pmodC[7]
WARNING: [Synth 8-3331] design Top has unconnected port pmodC[2]
WARNING: [Synth 8-3331] design Top has unconnected port pmodC[1]
WARNING: [Synth 8-3331] design Top has unconnected port pmodC[0]
WARNING: [Synth 8-3331] design Top has unconnected port btnU
WARNING: [Synth 8-3331] design Top has unconnected port btnD
WARNING: [Synth 8-3331] design Top has unconnected port sw[3]
WARNING: [Synth 8-3331] design Top has unconnected port sw[2]
WARNING: [Synth 8-3331] design Top has unconnected port sw[1]
WARNING: [Synth 8-3331] design Top has unconnected port sw[0]
INFO: [Synth 8-3886] merging instance 'nolabel_line111/left_reg[0]' (FDE) to 'nolabel_line111/left_reg[1]'
INFO: [Synth 8-3886] merging instance 'nolabel_line111/right_reg[0]' (FDE) to 'nolabel_line111/left_reg[1]'
INFO: [Synth 8-3333] propagating constant 1 across sequential element (\nolabel_line111/right_reg[1] )
INFO: [Synth 8-3333] propagating constant 0 across sequential element (\nolabel_line111/left_reg[1] )
INFO: [Synth 8-3333] propagating constant 1 across sequential element (trigger_reg)
INFO: [Synth 8-3333] propagating constant 1 across sequential element (\cupDisplayer/segment_reg[0] )
INFO: [Synth 8-3886] merging instance 'cupDisplayer/segment_reg[1]' (FD) to 'cupDisplayer/segment_reg[6]'
INFO: [Synth 8-3886] merging instance 'cupDisplayer/segment_reg[2]' (FD) to 'cupDisplayer/segment_reg[4]'
INFO: [Synth 8-3886] merging instance 'cupDisplayer/segment_reg[3]' (FD) to 'cupDisplayer/segment_reg[4]'
INFO: [Synth 8-3886] merging instance 'cupDisplayer/segment_reg[5]' (FD) to 'cupDisplayer/segment_reg[6]'
INFO: [Synth 8-3333] propagating constant 0 across sequential element (\gameState_reg[2] )
INFO: [Synth 8-3333] propagating constant 1 across sequential element (\gameState_reg[0] )
INFO: [Synth 8-3886] merging instance 'pmodDisplay/value_reg[0]' (FD) to 'pmodDisplay/value_reg[3]'
INFO: [Synth 8-3886] merging instance 'pmodDisplay/value_reg[1]' (FD) to 'pmodDisplay/value_reg[3]'
INFO: [Synth 8-3886] merging instance 'pmodDisplay/value_reg[2]' (FD) to 'pmodDisplay/value_reg[3]'
INFO: [Synth 8-3333] propagating constant 0 across sequential element (\pmodDisplay/value_reg[3] )
INFO: [Synth 8-3886] merging instance 'displayController/segment_reg[1]' (FDE) to 'displayController/segment_reg[5]'
INFO: [Synth 8-3886] merging instance 'displayController/segment_reg[2]' (FDE) to 'displayController/segment_reg[3]'
INFO: [Synth 8-3886] merging instance 'displayController/segment_reg[3]' (FDE) to 'displayController/segment_reg[4]'
INFO: [Synth 8-3886] merging instance 'displayController/segment_reg[5]' (FDE) to 'displayController/segment_reg[6]'
WARNING: [Synth 8-3332] Sequential element (gameState_reg[2]) is unused and will be removed from module Top.
WARNING: [Synth 8-3332] Sequential element (gameState_reg[0]) is unused and will be removed from module Top.
WARNING: [Synth 8-3332] Sequential element (cupDisplayer/segment_reg[0]) is unused and will be removed from module Top.
WARNING: [Synth 8-3332] Sequential element (pmodDisplay/value_reg[3]) is unused and will be removed from module Top.
WARNING: [Synth 8-3332] Sequential element (pmodDisplay/index_reg[1]) is unused and will be removed from module Top.
WARNING: [Synth 8-3332] Sequential element (trigger_reg) is unused and will be removed from module Top.
WARNING: [Synth 8-3332] Sequential element (nolabel_line111/right_reg[1]) is unused and will be removed from module Top.
WARNING: [Synth 8-3332] Sequential element (nolabel_line111/left_reg[1]) is unused and will be removed from module Top.
---------------------------------------------------------------------------------
Finished Cross Boundary and Area Optimization : Time (s): cpu = 00:00:06 ; elapsed = 00:00:10 . Memory (MB): peak = 793.250 ; gain = 481.230
---------------------------------------------------------------------------------

Report RTL Partitions: 
+-+--------------+------------+----------+
| |RTL Partition |Replication |Instances |
+-+--------------+------------+----------+
+-+--------------+------------+----------+
---------------------------------------------------------------------------------
Start Applying XDC Timing Constraints
---------------------------------------------------------------------------------
---------------------------------------------------------------------------------
Finished Applying XDC Timing Constraints : Time (s): cpu = 00:00:11 ; elapsed = 00:00:16 . Memory (MB): peak = 793.250 ; gain = 481.230
---------------------------------------------------------------------------------
---------------------------------------------------------------------------------
Start Timing Optimization
---------------------------------------------------------------------------------
---------------------------------------------------------------------------------
Finished Timing Optimization : Time (s): cpu = 00:00:11 ; elapsed = 00:00:16 . Memory (MB): peak = 793.250 ; gain = 481.230
---------------------------------------------------------------------------------

Report RTL Partitions: 
+-+--------------+------------+----------+
| |RTL Partition |Replication |Instances |
+-+--------------+------------+----------+
+-+--------------+------------+----------+
---------------------------------------------------------------------------------
Start Technology Mapping
---------------------------------------------------------------------------------
WARNING: [Synth 8-3332] Sequential element (btnCDebouncer/out_reg) is unused and will be removed from module Top.
WARNING: [Synth 8-3332] Sequential element (gameState_reg[1]) is unused and will be removed from module Top.
INFO: [Synth 8-3333] propagating constant 1 across sequential element (\displayController/segment_reg[0] )
WARNING: [Synth 8-3332] Sequential element (displayController/segment_reg[0]) is unused and will be removed from module Top.
---------------------------------------------------------------------------------
Finished Technology Mapping : Time (s): cpu = 00:00:11 ; elapsed = 00:00:16 . Memory (MB): peak = 808.133 ; gain = 496.113
---------------------------------------------------------------------------------

Report RTL Partitions: 
+-+--------------+------------+----------+
| |RTL Partition |Replication |Instances |
+-+--------------+------------+----------+
+-+--------------+------------+----------+
---------------------------------------------------------------------------------
Start IO Insertion
---------------------------------------------------------------------------------
---------------------------------------------------------------------------------
Start Flattening Before IO Insertion
---------------------------------------------------------------------------------
---------------------------------------------------------------------------------
Finished Flattening Before IO Insertion
---------------------------------------------------------------------------------
---------------------------------------------------------------------------------
Start Final Netlist Cleanup
---------------------------------------------------------------------------------
---------------------------------------------------------------------------------
Finished Final Netlist Cleanup
---------------------------------------------------------------------------------
---------------------------------------------------------------------------------
Finished IO Insertion : Time (s): cpu = 00:00:11 ; elapsed = 00:00:17 . Memory (MB): peak = 808.133 ; gain = 496.113
---------------------------------------------------------------------------------

Report Check Netlist: 
+------+------------------+-------+---------+-------+------------------+
|      |Item              |Errors |Warnings |Status |Description       |
+------+------------------+-------+---------+-------+------------------+
|1     |multi_driven_nets |      0|        0|Passed |Multi driven nets |
+------+------------------+-------+---------+-------+------------------+
---------------------------------------------------------------------------------
Start Renaming Generated Instances
---------------------------------------------------------------------------------
---------------------------------------------------------------------------------
Finished Renaming Generated Instances : Time (s): cpu = 00:00:11 ; elapsed = 00:00:17 . Memory (MB): peak = 808.133 ; gain = 496.113
---------------------------------------------------------------------------------

Report RTL Partitions: 
+-+--------------+------------+----------+
| |RTL Partition |Replication |Instances |
+-+--------------+------------+----------+
+-+--------------+------------+----------+
---------------------------------------------------------------------------------
Start Rebuilding User Hierarchy
---------------------------------------------------------------------------------
---------------------------------------------------------------------------------
Finished Rebuilding User Hierarchy : Time (s): cpu = 00:00:11 ; elapsed = 00:00:17 . Memory (MB): peak = 808.133 ; gain = 496.113
---------------------------------------------------------------------------------
---------------------------------------------------------------------------------
Start Renaming Generated Ports
---------------------------------------------------------------------------------
---------------------------------------------------------------------------------
Finished Renaming Generated Ports : Time (s): cpu = 00:00:11 ; elapsed = 00:00:17 . Memory (MB): peak = 808.133 ; gain = 496.113
---------------------------------------------------------------------------------
---------------------------------------------------------------------------------
Start Handling Custom Attributes
---------------------------------------------------------------------------------
---------------------------------------------------------------------------------
Finished Handling Custom Attributes : Time (s): cpu = 00:00:11 ; elapsed = 00:00:17 . Memory (MB): peak = 808.133 ; gain = 496.113
---------------------------------------------------------------------------------
---------------------------------------------------------------------------------
Start Renaming Generated Nets
---------------------------------------------------------------------------------
---------------------------------------------------------------------------------
Finished Renaming Generated Nets : Time (s): cpu = 00:00:11 ; elapsed = 00:00:17 . Memory (MB): peak = 808.133 ; gain = 496.113
---------------------------------------------------------------------------------
---------------------------------------------------------------------------------
Start Writing Synthesis Report
---------------------------------------------------------------------------------

Report BlackBoxes: 
+-+--------------+----------+
| |BlackBox name |Instances |
+-+--------------+----------+
+-+--------------+----------+

Report Cell Usage: 
+------+-------+------+
|      |Cell   |Count |
+------+-------+------+
|1     |BUFG   |     1|
|2     |CARRY4 |    63|
|3     |LUT1   |    18|
|4     |LUT2   |    22|
|5     |LUT3   |    32|
|6     |LUT4   |   108|
|7     |LUT5   |    28|
|8     |LUT6   |    20|
|9     |FDRE   |    91|
|10    |FDSE   |     1|
|11    |IBUF   |     1|
|12    |OBUF   |    19|
|13    |OBUFT  |     8|
+------+-------+------+

Report Instance Areas: 
+------+--------------------+------------------+------+
|      |Instance            |Module            |Cells |
+------+--------------------+------------------+------+
|1     |top                 |                  |   412|
|2     |  cupDisplayer      |CupDisplayer      |    44|
|3     |  displayController |DisplayController |     6|
|4     |  nolabel_line111   |AnimationExample  |   332|
|5     |  pmodDisplay       |PModDisplay       |     1|
+------+--------------------+------------------+------+
---------------------------------------------------------------------------------
Finished Writing Synthesis Report : Time (s): cpu = 00:00:11 ; elapsed = 00:00:17 . Memory (MB): peak = 808.133 ; gain = 496.113
---------------------------------------------------------------------------------
Synthesis finished with 0 errors, 0 critical warnings and 34 warnings.
Synthesis Optimization Runtime : Time (s): cpu = 00:00:07 ; elapsed = 00:00:12 . Memory (MB): peak = 808.133 ; gain = 158.438
Synthesis Optimization Complete : Time (s): cpu = 00:00:11 ; elapsed = 00:00:17 . Memory (MB): peak = 808.133 ; gain = 496.113
INFO: [Project 1-571] Translating synthesized netlist
INFO: [Netlist 29-17] Analyzing 64 Unisim elements for replacement
INFO: [Netlist 29-28] Unisim Transformation completed in 0 CPU seconds
INFO: [Project 1-570] Preparing netlist for logic optimization
INFO: [Opt 31-138] Pushed 0 inverter(s) to 0 load pin(s).
INFO: [Project 1-111] Unisim Transformation Summary:
No Unisim elements were transformed.

INFO: [Common 17-83] Releasing license: Synthesis
50 Infos, 108 Warnings, 2 Critical Warnings and 0 Errors encountered.
synth_design completed successfully
synth_design: Time (s): cpu = 00:00:13 ; elapsed = 00:00:19 . Memory (MB): peak = 808.133 ; gain = 509.148
WARNING: [Constraints 18-5210] No constraint will be written out.
INFO: [Common 17-1381] The checkpoint 'C:/Users/drkiw/Documents/GitHub/152a-shell-game/project_5/project_5.runs/synth_1/Top.dcp' has been generated.
INFO: [runtcl-4] Executing : report_utilization -file Top_utilization_synth.rpt -pb Top_utilization_synth.pb
report_utilization: Time (s): cpu = 00:00:00 ; elapsed = 00:00:00.015 . Memory (MB): peak = 808.133 ; gain = 0.000
INFO: [Common 17-206] Exiting Vivado at Thu Mar 14 00:21:09 2024...
